TN:
SF:c:\Users\Nicky\Documents\Tugas Akhir\stockchainz-composer\business-network\lib\logic.js
FN:25,onCreateItem
FN:57,onPlaceOrder
FN:81,onConfirmSale
FN:124,onRestockItem
FN:155,onDeleteItem
FN:175,onUpdateItemName
FN:191,emitEvent
FN:200,uuidv4
FN:201,(anonymous_8)
FNF:9
FNH:0
FNDA:0,onCreateItem
FNDA:0,onPlaceOrder
FNDA:0,onConfirmSale
FNDA:0,onRestockItem
FNDA:0,onDeleteItem
FNDA:0,onUpdateItemName
FNDA:0,emitEvent
FNDA:0,uuidv4
FNDA:0,(anonymous_8)
DA:15,0
DA:16,0
DA:17,0
DA:18,0
DA:26,0
DA:27,0
DA:28,0
DA:30,0
DA:31,0
DA:32,0
DA:34,0
DA:35,0
DA:36,0
DA:37,0
DA:39,0
DA:40,0
DA:41,0
DA:43,0
DA:44,0
DA:46,0
DA:47,0
DA:49,0
DA:58,0
DA:59,0
DA:60,0
DA:62,0
DA:63,0
DA:65,0
DA:66,0
DA:67,0
DA:68,0
DA:70,0
DA:71,0
DA:73,0
DA:82,0
DA:83,0
DA:85,0
DA:86,0
DA:88,0
DA:89,0
DA:92,0
DA:94,0
DA:95,0
DA:97,0
DA:98,0
DA:99,0
DA:100,0
DA:102,0
DA:104,0
DA:105,0
DA:107,0
DA:108,0
DA:110,0
DA:111,0
DA:113,0
DA:125,0
DA:127,0
DA:129,0
DA:130,0
DA:132,0
DA:133,0
DA:134,0
DA:136,0
DA:138,0
DA:139,0
DA:141,0
DA:142,0
DA:144,0
DA:156,0
DA:158,0
DA:159,0
DA:161,0
DA:162,0
DA:164,0
DA:165,0
DA:167,0
DA:176,0
DA:177,0
DA:178,0
DA:180,0
DA:182,0
DA:184,0
DA:192,0
DA:193,0
DA:194,0
DA:201,0
DA:202,0
DA:203,0
DA:204,0
LF:89
LH:0
BRDA:85,0,0,0
BRDA:85,0,1,0
BRDA:88,1,0,0
BRDA:88,1,1,0
BRDA:203,2,0,0
BRDA:203,2,1,0
BRF:6
BRH:0
end_of_record
